<?xml version="1.0" encoding="UTF-8"?>
<testsuite name="me.daveranson.domain.people.PersonTest" tests="1" skipped="0" failures="0" errors="0" timestamp="2015-10-04T15:24:56" hostname="DESKTOP-HUCTKKE" time="0.005">
  <properties/>
  <testcase name="testPersonBuilder" classname="me.daveranson.domain.people.PersonTest" time="0.005"/>
  <system-out><![CDATA[]]></system-out>
  <system-err><![CDATA[]]></system-err>
</testsuite>
